Determining if the pthread_create exist failed with the following output:
Change Dir: /root/elasticfusion/Core/build/CMakeFiles/CMakeTmp

Run Build Command:"/usr/bin/make" "cmTC_a7311/fast"
/usr/bin/make -f CMakeFiles/cmTC_a7311.dir/build.make CMakeFiles/cmTC_a7311.dir/build
make[1]: Entering directory '/root/elasticfusion/Core/build/CMakeFiles/CMakeTmp'
Building C object CMakeFiles/cmTC_a7311.dir/CheckSymbolExists.c.o
/usr/bin/cc   -fPIC    -o CMakeFiles/cmTC_a7311.dir/CheckSymbolExists.c.o   -c /root/elasticfusion/Core/build/CMakeFiles/CMakeTmp/CheckSymbolExists.c
Linking C executable cmTC_a7311
/usr/bin/cmake -E cmake_link_script CMakeFiles/cmTC_a7311.dir/link.txt --verbose=1
/usr/bin/cc -fPIC     -rdynamic CMakeFiles/cmTC_a7311.dir/CheckSymbolExists.c.o  -o cmTC_a7311 
CMakeFiles/cmTC_a7311.dir/CheckSymbolExists.c.o: In function `main':
CheckSymbolExists.c:(.text+0x1b): undefined reference to `pthread_create'
collect2: error: ld returned 1 exit status
CMakeFiles/cmTC_a7311.dir/build.make:97: recipe for target 'cmTC_a7311' failed
make[1]: *** [cmTC_a7311] Error 1
make[1]: Leaving directory '/root/elasticfusion/Core/build/CMakeFiles/CMakeTmp'
Makefile:126: recipe for target 'cmTC_a7311/fast' failed
make: *** [cmTC_a7311/fast] Error 2

File /root/elasticfusion/Core/build/CMakeFiles/CMakeTmp/CheckSymbolExists.c:
/* */
#include <pthread.h>

int main(int argc, char** argv)
{
  (void)argv;
#ifndef pthread_create
  return ((int*)(&pthread_create))[argc];
#else
  (void)argc;
  return 0;
#endif
}

Determining if the function pthread_create exists in the pthreads failed with the following output:
Change Dir: /root/elasticfusion/Core/build/CMakeFiles/CMakeTmp

Run Build Command:"/usr/bin/make" "cmTC_ab684/fast"
/usr/bin/make -f CMakeFiles/cmTC_ab684.dir/build.make CMakeFiles/cmTC_ab684.dir/build
make[1]: Entering directory '/root/elasticfusion/Core/build/CMakeFiles/CMakeTmp'
Building C object CMakeFiles/cmTC_ab684.dir/CheckFunctionExists.c.o
/usr/bin/cc   -fPIC -DCHECK_FUNCTION_EXISTS=pthread_create   -o CMakeFiles/cmTC_ab684.dir/CheckFunctionExists.c.o   -c /usr/share/cmake-3.10/Modules/CheckFunctionExists.c
Linking C executable cmTC_ab684
/usr/bin/cmake -E cmake_link_script CMakeFiles/cmTC_ab684.dir/link.txt --verbose=1
/usr/bin/cc -fPIC -DCHECK_FUNCTION_EXISTS=pthread_create    -rdynamic CMakeFiles/cmTC_ab684.dir/CheckFunctionExists.c.o  -o cmTC_ab684 -lpthreads 
/usr/bin/ld: cannot find -lpthreads
collect2: error: ld returned 1 exit status
CMakeFiles/cmTC_ab684.dir/build.make:97: recipe for target 'cmTC_ab684' failed
make[1]: *** [cmTC_ab684] Error 1
make[1]: Leaving directory '/root/elasticfusion/Core/build/CMakeFiles/CMakeTmp'
Makefile:126: recipe for target 'cmTC_ab684/fast' failed
make: *** [cmTC_ab684/fast] Error 2


